=====================================
New Pomodoro Session Started at 15:55:43
=====================================
Cycle 1/1
Start Time: 15:55:43 | 1740824743
15:55:43 - Work Time: 0 min elapsed
15:55:44 - Work Time: 0 min elapsed
15:55:45 - Work Time: 0 min elapsed
15:55:46 - Work Time: 0 min elapsed
15:55:47 - Work Time: 0 min elapsed
15:55:48 - Work Time: 0 min elapsed
15:55:49 - Work Time: 0 min elapsed
15:55:50 - Work Time: 0 min elapsed
15:55:51 - Work Time: 0 min elapsed
15:55:52 - Work Time: 0 min elapsed
15:55:53 - Work Time: 0 min elapsed
15:55:54 - Work Time: 0 min elapsed
15:55:55 - Work Time: 0 min elapsed
15:55:56 - Work Time: 0 min elapsed
15:55:57 - Work Time: 0 min elapsed
15:55:58 - Work Time: 0 min elapsed
15:56:00 - Work Time: 0 min elapsed
15:56:01 - Work Time: 0 min elapsed
15:56:02 - Work Time: 0 min elapsed
15:56:03 - Work Time: 0 min elapsed
15:56:04 - Work Time: 0 min elapsed
15:56:05 - Work Time: 0 min elapsed
15:56:06 - Work Time: 0 min elapsed
15:56:07 - Work Time: 0 min elapsed
15:56:08 - Work Time: 0 min elapsed
15:56:09 - Work Time: 0 min elapsed
15:56:10 - Work Time: 0 min elapsed
15:56:11 - Work Time: 0 min elapsed
15:56:12 - Work Time: 0 min elapsed
15:56:13 - Work Time: 0 min elapsed
15:56:14 - Work Time: 0 min elapsed
15:56:15 - Work Time: 0 min elapsed
15:56:16 - Work Time: 0 min elapsed
15:56:17 - Work Time: 0 min elapsed
15:56:18 - Work Time: 0 min elapsed
15:56:19 - Work Time: 0 min elapsed
15:56:20 - Work Time: 0 min elapsed
15:56:21 - Work Time: 0 min elapsed
15:56:22 - Work Time: 0 min elapsed
15:56:23 - Work Time: 0 min elapsed
15:56:24 - Work Time: 0 min elapsed
15:56:25 - Work Time: 0 min elapsed
15:56:26 - Work Time: 0 min elapsed
15:56:27 - Work Time: 0 min elapsed
15:56:28 - Work Time: 0 min elapsed
15:56:29 - Work Time: 0 min elapsed
15:56:30 - Work Time: 0 min elapsed
15:56:31 - Work Time: 0 min elapsed
15:56:32 - Work Time: 0 min elapsed
15:56:33 - Work Time: 0 min elapsed
15:56:34 - Work Time: 0 min elapsed
15:56:35 - Work Time: 0 min elapsed
15:56:36 - Work Time: 0 min elapsed
15:56:37 - Work Time: 0 min elapsed
15:56:38 - Work Time: 0 min elapsed
15:56:39 - Work Time: 0 min elapsed
15:56:40 - Work Time: 0 min elapsed
15:56:41 - Work Time: 0 min elapsed
15:56:42 - Work Time: 0 min elapsed
15:56:43 - Work Time: 0 min elapsed
15:56:44 - Work Time: 1 min elapsed
15:56:45 - Work Time: 1 min elapsed
15:56:46 - Work Time: 1 min elapsed
15:56:47 - Work Time: 1 min elapsed
15:56:48 - Work Time: 1 min elapsed
15:56:49 - Work Time: 1 min elapsed
15:56:50 - Work Time: 1 min elapsed
15:56:51 - Work Time: 1 min elapsed
15:56:52 - Work Time: 1 min elapsed
15:56:53 - Work Time: 1 min elapsed
15:56:54 - Work Time: 1 min elapsed
15:56:55 - Work Time: 1 min elapsed
15:56:56 - Work Time: 1 min elapsed
15:56:57 - Work Time: 1 min elapsed
15:56:58 - Work Time: 1 min elapsed
15:56:59 - Work Time: 1 min elapsed
15:57:00 - Work Time: 1 min elapsed
15:57:01 - Work Time: 1 min elapsed
15:57:02 - Work Time: 1 min elapsed
15:57:03 - Work Time: 1 min elapsed
15:57:04 - Work Time: 1 min elapsed
15:57:05 - Work Time: 1 min elapsed
15:57:06 - Work Time: 1 min elapsed
15:57:07 - Work Time: 1 min elapsed
15:57:08 - Work Time: 1 min elapsed
15:57:09 - Work Time: 1 min elapsed
15:57:10 - Work Time: 1 min elapsed
15:57:11 - Work Time: 1 min elapsed
15:57:12 - Work Time: 1 min elapsed
15:57:13 - Work Time: 1 min elapsed
15:57:14 - Work Time: 1 min elapsed
15:57:15 - Work Time: 1 min elapsed
15:57:16 - Work Time: 1 min elapsed
15:57:17 - Work Time: 1 min elapsed
15:57:18 - Work Time: 1 min elapsed
15:57:19 - Work Time: 1 min elapsed
15:57:20 - Work Time: 1 min elapsed
15:57:21 - Work Time: 1 min elapsed
15:57:22 - Work Time: 1 min elapsed
15:57:23 - Work Time: 1 min elapsed
15:57:24 - Work Time: 1 min elapsed
15:57:25 - Work Time: 1 min elapsed
15:57:26 - Work Time: 1 min elapsed
15:57:27 - Work Time: 1 min elapsed
15:57:28 - Work Time: 1 min elapsed
15:57:29 - Work Time: 1 min elapsed
15:57:30 - Work Time: 1 min elapsed
15:57:31 - Work Time: 1 min elapsed
15:57:32 - Work Time: 1 min elapsed
15:57:33 - Work Time: 1 min elapsed
15:57:34 - Work Time: 1 min elapsed
15:57:35 - Work Time: 1 min elapsed
15:57:36 - Work Time: 1 min elapsed
15:57:37 - Work Time: 1 min elapsed
15:57:38 - Work Time: 1 min elapsed
15:57:39 - Work Time: 1 min elapsed
15:57:40 - Work Time: 1 min elapsed
15:57:41 - Work Time: 1 min elapsed
15:57:42 - Work Time: 1 min elapsed
15:57:43 - Work Time: 1 min elapsed
15:57:44 - Work Time: 2 min elapsed
End Time: 15:57:45
------ Work session complete! ------
Start Time: 15:57:45 | 1740824865
15:57:45 - Break Time: 0 min elapsed
15:57:46 - Break Time: 0 min elapsed
15:57:47 - Break Time: 0 min elapsed
15:57:48 - Break Time: 0 min elapsed
15:57:49 - Break Time: 0 min elapsed
15:57:50 - Break Time: 0 min elapsed
15:57:51 - Break Time: 0 min elapsed
15:57:52 - Break Time: 0 min elapsed
15:57:53 - Break Time: 0 min elapsed
15:57:54 - Break Time: 0 min elapsed
15:57:55 - Break Time: 0 min elapsed
15:57:56 - Break Time: 0 min elapsed
15:57:57 - Break Time: 0 min elapsed
15:57:58 - Break Time: 0 min elapsed
15:57:59 - Break Time: 0 min elapsed
15:58:00 - Break Time: 0 min elapsed
15:58:01 - Break Time: 0 min elapsed
15:58:02 - Break Time: 0 min elapsed
15:58:03 - Break Time: 0 min elapsed
15:58:04 - Break Time: 0 min elapsed
15:58:06 - Break Time: 0 min elapsed
15:58:07 - Break Time: 0 min elapsed
15:58:08 - Break Time: 0 min elapsed
15:58:09 - Break Time: 0 min elapsed
15:58:10 - Break Time: 0 min elapsed
15:58:11 - Break Time: 0 min elapsed
15:58:12 - Break Time: 0 min elapsed
15:58:13 - Break Time: 0 min elapsed
15:58:14 - Break Time: 0 min elapsed
15:58:15 - Break Time: 0 min elapsed
15:58:16 - Break Time: 0 min elapsed
15:58:17 - Break Time: 0 min elapsed
15:58:18 - Break Time: 0 min elapsed
15:58:19 - Break Time: 0 min elapsed
15:58:20 - Break Time: 0 min elapsed
15:58:21 - Break Time: 0 min elapsed
15:58:22 - Break Time: 0 min elapsed
15:58:23 - Break Time: 0 min elapsed
15:58:24 - Break Time: 0 min elapsed
15:58:25 - Break Time: 0 min elapsed
15:58:26 - Break Time: 0 min elapsed
15:58:27 - Break Time: 0 min elapsed
15:58:28 - Break Time: 0 min elapsed
15:58:29 - Break Time: 0 min elapsed
15:58:30 - Break Time: 0 min elapsed
15:58:31 - Break Time: 0 min elapsed
15:58:32 - Break Time: 0 min elapsed
15:58:33 - Break Time: 0 min elapsed
15:58:34 - Break Time: 0 min elapsed
15:58:35 - Break Time: 0 min elapsed
15:58:36 - Break Time: 0 min elapsed
15:58:37 - Break Time: 0 min elapsed
15:58:38 - Break Time: 0 min elapsed
15:58:39 - Break Time: 0 min elapsed
15:58:40 - Break Time: 0 min elapsed
15:58:41 - Break Time: 0 min elapsed
15:58:42 - Break Time: 0 min elapsed
15:58:43 - Break Time: 0 min elapsed
15:58:44 - Break Time: 0 min elapsed
15:58:45 - Break Time: 0 min elapsed
15:58:46 - Break Time: 1 min elapsed
End Time: 15:58:47
------ Break complete! ------

Pomodoro Session Ended at 15:58:47
=====================================
