Starting Pomodoro Session at Saturday 01 March 2025 03:43:30 PM IST
Log file: /home/valkarie/2.Area/Code/ShellCode/Pomodoro/pomodoro_2025-03-01_15-43-30.log
=====================================
Cycle 1/1
15:43:30 - Work Time: 0 min elapsed
15:43:31 - Work Time: 0 min elapsed
15:43:32 - Work Time: 0 min elapsed
15:43:33 - Work Time: 0 min elapsed
15:43:34 - Work Time: 0 min elapsed
15:43:35 - Work Time: 0 min elapsed
15:43:36 - Work Time: 0 min elapsed
15:43:37 - Work Time: 0 min elapsed
15:43:38 - Work Time: 0 min elapsed
15:43:39 - Work Time: 0 min elapsed
15:43:40 - Work Time: 0 min elapsed
15:43:41 - Work Time: 0 min elapsed
15:43:42 - Work Time: 0 min elapsed
15:43:43 - Work Time: 0 min elapsed
15:43:44 - Work Time: 0 min elapsed
15:43:45 - Work Time: 0 min elapsed
15:43:46 - Work Time: 0 min elapsed
15:43:47 - Work Time: 0 min elapsed
15:43:48 - Work Time: 0 min elapsed
15:43:49 - Work Time: 0 min elapsed
15:43:50 - Work Time: 0 min elapsed
15:43:51 - Work Time: 0 min elapsed
15:43:52 - Work Time: 0 min elapsed
15:43:53 - Work Time: 0 min elapsed
15:43:54 - Work Time: 0 min elapsed
15:43:55 - Work Time: 0 min elapsed
15:43:56 - Work Time: 0 min elapsed
15:43:57 - Work Time: 0 min elapsed
15:43:58 - Work Time: 0 min elapsed
15:43:59 - Work Time: 0 min elapsed
15:44:00 - Work Time: 0 min elapsed
15:44:01 - Work Time: 0 min elapsed
15:44:02 - Work Time: 0 min elapsed
15:44:03 - Work Time: 0 min elapsed
15:44:04 - Work Time: 0 min elapsed
15:44:05 - Work Time: 0 min elapsed
15:44:06 - Work Time: 0 min elapsed
15:44:07 - Work Time: 0 min elapsed
15:44:08 - Work Time: 0 min elapsed
15:44:09 - Work Time: 0 min elapsed
15:44:10 - Work Time: 0 min elapsed
15:44:11 - Work Time: 0 min elapsed
15:44:12 - Work Time: 0 min elapsed
15:44:13 - Work Time: 0 min elapsed
15:44:14 - Work Time: 0 min elapsed
15:44:15 - Work Time: 0 min elapsed
15:44:16 - Work Time: 0 min elapsed
15:44:17 - Work Time: 0 min elapsed
15:44:18 - Work Time: 0 min elapsed
15:44:19 - Work Time: 0 min elapsed
15:44:20 - Work Time: 0 min elapsed
15:44:21 - Work Time: 0 min elapsed
15:44:22 - Work Time: 0 min elapsed
15:44:23 - Work Time: 0 min elapsed
15:44:24 - Work Time: 0 min elapsed
15:44:25 - Work Time: 0 min elapsed
15:44:26 - Work Time: 0 min elapsed
15:44:27 - Work Time: 0 min elapsed
15:44:28 - Work Time: 0 min elapsed
15:44:29 - Work Time: 0 min elapsed
15:44:30 - Work Time: 1 min elapsed
15:44:31 - Work Time: 1 min elapsed
15:44:32 - Work Time: 1 min elapsed
15:44:33 - Work Time: 1 min elapsed
15:44:34 - Work Time: 1 min elapsed
15:44:35 - Work Time: 1 min elapsed
15:44:36 - Work Time: 1 min elapsed
15:44:37 - Work Time: 1 min elapsed
15:44:38 - Work Time: 1 min elapsed
15:44:39 - Work Time: 1 min elapsed
15:44:40 - Work Time: 1 min elapsed
15:44:41 - Work Time: 1 min elapsed
15:44:42 - Work Time: 1 min elapsed
15:44:43 - Work Time: 1 min elapsed
15:44:45 - Work Time: 1 min elapsed
15:44:46 - Work Time: 1 min elapsed
15:44:47 - Work Time: 1 min elapsed
15:44:48 - Work Time: 1 min elapsed
15:44:49 - Work Time: 1 min elapsed
15:44:50 - Work Time: 1 min elapsed
15:44:51 - Work Time: 1 min elapsed
15:44:52 - Work Time: 1 min elapsed
15:44:53 - Work Time: 1 min elapsed
15:44:54 - Work Time: 1 min elapsed
15:44:55 - Work Time: 1 min elapsed
15:44:56 - Work Time: 1 min elapsed
15:44:57 - Work Time: 1 min elapsed
15:44:58 - Work Time: 1 min elapsed
15:44:59 - Work Time: 1 min elapsed
15:45:00 - Work Time: 1 min elapsed
15:45:01 - Work Time: 1 min elapsed
15:45:02 - Work Time: 1 min elapsed
15:45:03 - Work Time: 1 min elapsed
15:45:04 - Work Time: 1 min elapsed
15:45:05 - Work Time: 1 min elapsed
15:45:06 - Work Time: 1 min elapsed
15:45:07 - Work Time: 1 min elapsed
15:45:08 - Work Time: 1 min elapsed
15:45:09 - Work Time: 1 min elapsed
15:45:10 - Work Time: 1 min elapsed
15:45:11 - Work Time: 1 min elapsed
15:45:12 - Work Time: 1 min elapsed
15:45:13 - Work Time: 1 min elapsed
15:45:14 - Work Time: 1 min elapsed
15:45:15 - Work Time: 1 min elapsed
15:45:16 - Work Time: 1 min elapsed
15:45:17 - Work Time: 1 min elapsed
15:45:18 - Work Time: 1 min elapsed
15:45:19 - Work Time: 1 min elapsed
15:45:20 - Work Time: 1 min elapsed
15:45:21 - Work Time: 1 min elapsed
15:45:22 - Work Time: 1 min elapsed
15:45:23 - Work Time: 1 min elapsed
15:45:24 - Work Time: 1 min elapsed
15:45:25 - Work Time: 1 min elapsed
15:45:26 - Work Time: 1 min elapsed
15:45:27 - Work Time: 1 min elapsed
15:45:28 - Work Time: 1 min elapsed
15:45:29 - Work Time: 1 min elapsed
15:45:30 - Work Time: 1 min elapsed
15:45:31 - Work Time: 2 min elapsed
Work session complete!
15:45:32 - Break Time: 0 min elapsed
15:45:33 - Break Time: 0 min elapsed
15:45:34 - Break Time: 0 min elapsed
15:45:35 - Break Time: 0 min elapsed
15:45:36 - Break Time: 0 min elapsed
15:45:37 - Break Time: 0 min elapsed
15:45:38 - Break Time: 0 min elapsed
15:45:39 - Break Time: 0 min elapsed
15:45:40 - Break Time: 0 min elapsed
15:45:41 - Break Time: 0 min elapsed
15:45:42 - Break Time: 0 min elapsed
15:45:43 - Break Time: 0 min elapsed
15:45:44 - Break Time: 0 min elapsed
15:45:45 - Break Time: 0 min elapsed
15:45:46 - Break Time: 0 min elapsed
15:45:47 - Break Time: 0 min elapsed
15:45:48 - Break Time: 0 min elapsed
15:45:49 - Break Time: 0 min elapsed
15:45:50 - Break Time: 0 min elapsed
15:45:51 - Break Time: 0 min elapsed
15:45:52 - Break Time: 0 min elapsed
15:45:53 - Break Time: 0 min elapsed
15:45:54 - Break Time: 0 min elapsed
15:45:55 - Break Time: 0 min elapsed
15:45:56 - Break Time: 0 min elapsed
15:45:57 - Break Time: 0 min elapsed
15:45:58 - Break Time: 0 min elapsed
15:45:59 - Break Time: 0 min elapsed
15:46:00 - Break Time: 0 min elapsed
15:46:01 - Break Time: 0 min elapsed
15:46:02 - Break Time: 0 min elapsed
15:46:03 - Break Time: 0 min elapsed
15:46:04 - Break Time: 0 min elapsed
15:46:05 - Break Time: 0 min elapsed
15:46:07 - Break Time: 0 min elapsed
15:46:08 - Break Time: 0 min elapsed
15:46:09 - Break Time: 0 min elapsed
15:46:10 - Break Time: 0 min elapsed
15:46:11 - Break Time: 0 min elapsed
15:46:12 - Break Time: 0 min elapsed
15:46:13 - Break Time: 0 min elapsed
15:46:14 - Break Time: 0 min elapsed
15:46:15 - Break Time: 0 min elapsed
15:46:16 - Break Time: 0 min elapsed
15:46:17 - Break Time: 0 min elapsed
15:46:18 - Break Time: 0 min elapsed
15:46:19 - Break Time: 0 min elapsed
15:46:20 - Break Time: 0 min elapsed
15:46:21 - Break Time: 0 min elapsed
15:46:22 - Break Time: 0 min elapsed
15:46:23 - Break Time: 0 min elapsed
15:46:24 - Break Time: 0 min elapsed
15:46:25 - Break Time: 0 min elapsed
15:46:26 - Break Time: 0 min elapsed
15:46:27 - Break Time: 0 min elapsed
15:46:28 - Break Time: 0 min elapsed
15:46:29 - Break Time: 0 min elapsed
15:46:30 - Break Time: 0 min elapsed
15:46:31 - Break Time: 0 min elapsed
15:46:32 - Break Time: 0 min elapsed
15:46:33 - Break Time: 1 min elapsed
Break complete!

All cycles completed! Pomodoro session done at Saturday 01 March 2025 03:46:34 PM IST
=====================================
